0 info it worked if it ends with ok
1 verbose cli [ '/Users/duivvv/.nvm/versions/io.js/v2.5.0/bin/iojs',
1 verbose cli   '/Users/duivvv/.nvm/versions/io.js/v2.5.0/bin/npm',
1 verbose cli   'run-script',
1 verbose cli   'production' ]
2 info using npm@2.13.2
3 info using node@v2.5.0
4 verbose stack Error: missing script: production
4 verbose stack     at run (/Users/duivvv/.nvm/versions/io.js/v2.5.0/lib/node_modules/npm/lib/run-script.js:142:19)
4 verbose stack     at /Users/duivvv/.nvm/versions/io.js/v2.5.0/lib/node_modules/npm/lib/run-script.js:58:5
4 verbose stack     at /Users/duivvv/.nvm/versions/io.js/v2.5.0/lib/node_modules/npm/node_modules/read-package-json/read-json.js:345:5
4 verbose stack     at handleExists (/Users/duivvv/.nvm/versions/io.js/v2.5.0/lib/node_modules/npm/node_modules/read-package-json/read-json.js:318:20)
4 verbose stack     at FSReqWrap.cb [as oncomplete] (evalmachine.<anonymous>:212:19)
5 verbose cwd /Users/duivvv/Documents/dev/modules/fffast
6 error Darwin 14.4.0
7 error argv "/Users/duivvv/.nvm/versions/io.js/v2.5.0/bin/iojs" "/Users/duivvv/.nvm/versions/io.js/v2.5.0/bin/npm" "run-script" "production"
8 error node v2.5.0
9 error npm  v2.13.2
10 error missing script: production
11 error If you need help, you may report this error at:
11 error     <https://github.com/npm/npm/issues>
12 verbose exit [ 1, true ]
